-------------------------------------------------------------------------------
Test set: ies.puerto.Ejercicio8Test
-------------------------------------------------------------------------------
Tests run: 1, Failures: 1, Errors: 0, Skipped: 0, Time elapsed: 0 s <<< FAILURE! - in ies.puerto.Ejercicio8Test
testEliminarDuplicados  Time elapsed: 0 s  <<< FAILURE!
org.opentest4j.AssertionFailedError: No se ha obtenido el resultado esperado.  ==> expected: [I@42c2f48c<[1, 2, 3, 4, 5, 6, 7]> but was: [I@3005db4a<[1, 2, 3, 4, 5, 6, 7]>
	at ies.puerto.Ejercicio8Test.testEliminarDuplicados(Ejercicio8Test.java:24)

